<?xml version="1.0" encoding="UTF-8"?>
<!-- Generated by org.testng.reporters.JUnitXMLReporter -->
<testsuite ignored="0" hostname="Kavi" failures="0" tests="3" name="Default test" time="14.923" errors="0" timestamp="2025-04-25T19:10:56 IST">
  <testcase classname="com.qa.tests.LoginPageTest" name="validateTitle" time="0.023"/>
  <testcase classname="com.qa.tests.LoginPageTest" name="validateURL" time="0.011"/>
  <testcase classname="com.qa.tests.LoginPageTest" name="loginUser" time="3.321"/>
</testsuite> <!-- Default test -->
