<?xml version="1.0" encoding="UTF-8"?>
<testng-results ignored="0" total="3" passed="3" failed="0" skipped="0">
  <reporter-output>
  </reporter-output>
  <suite started-at="2025-04-25T19:10:41 IST" name="Default suite" finished-at="2025-04-25T19:10:56 IST" duration-ms="14923">
    <groups>
    </groups>
    <test started-at="2025-04-25T19:10:41 IST" name="Default test" finished-at="2025-04-25T19:10:56 IST" duration-ms="14923">
      <class name="com.qa.tests.LoginPageTest">
        <test-method is-config="true" signature="setup()[pri:0, instance:com.qa.tests.LoginPageTest@3d285d7e]" started-at="2025-04-25T19:10:41 IST" name="setup" finished-at="2025-04-25T19:10:48 IST" duration-ms="6087" status="PASS">
          <reporter-output>
          </reporter-output>
        </test-method> <!-- setup -->
        <test-method signature="validateTitle()[pri:1, instance:com.qa.tests.LoginPageTest@3d285d7e]" started-at="2025-04-25T19:10:48 IST" name="validateTitle" finished-at="2025-04-25T19:10:48 IST" duration-ms="23" status="PASS">
          <reporter-output>
          </reporter-output>
        </test-method> <!-- validateTitle -->
        <test-method is-config="true" signature="closeBrowser()[pri:0, instance:com.qa.tests.LoginPageTest@3d285d7e]" started-at="2025-04-25T19:10:48 IST" name="closeBrowser" finished-at="2025-04-25T19:10:48 IST" duration-ms="652" status="PASS">
          <reporter-output>
          </reporter-output>
        </test-method> <!-- closeBrowser -->
        <test-method is-config="true" signature="setup()[pri:0, instance:com.qa.tests.LoginPageTest@3d285d7e]" started-at="2025-04-25T19:10:48 IST" name="setup" finished-at="2025-04-25T19:10:50 IST" duration-ms="2081" status="PASS">
          <reporter-output>
          </reporter-output>
        </test-method> <!-- setup -->
        <test-method signature="validateURL()[pri:2, instance:com.qa.tests.LoginPageTest@3d285d7e]" started-at="2025-04-25T19:10:50 IST" name="validateURL" finished-at="2025-04-25T19:10:50 IST" duration-ms="11" status="PASS">
          <reporter-output>
          </reporter-output>
        </test-method> <!-- validateURL -->
        <test-method is-config="true" signature="closeBrowser()[pri:0, instance:com.qa.tests.LoginPageTest@3d285d7e]" started-at="2025-04-25T19:10:50 IST" name="closeBrowser" finished-at="2025-04-25T19:10:51 IST" duration-ms="452" status="PASS">
          <reporter-output>
          </reporter-output>
        </test-method> <!-- closeBrowser -->
        <test-method is-config="true" signature="setup()[pri:0, instance:com.qa.tests.LoginPageTest@3d285d7e]" started-at="2025-04-25T19:10:51 IST" name="setup" finished-at="2025-04-25T19:10:53 IST" duration-ms="1899" status="PASS">
          <reporter-output>
          </reporter-output>
        </test-method> <!-- setup -->
        <test-method signature="loginUser()[pri:3, instance:com.qa.tests.LoginPageTest@3d285d7e]" started-at="2025-04-25T19:10:53 IST" name="loginUser" finished-at="2025-04-25T19:10:56 IST" duration-ms="3321" status="PASS">
          <reporter-output>
          </reporter-output>
        </test-method> <!-- loginUser -->
        <test-method is-config="true" signature="closeBrowser()[pri:0, instance:com.qa.tests.LoginPageTest@3d285d7e]" started-at="2025-04-25T19:10:56 IST" name="closeBrowser" finished-at="2025-04-25T19:10:56 IST" duration-ms="341" status="PASS">
          <reporter-output>
          </reporter-output>
        </test-method> <!-- closeBrowser -->
      </class> <!-- com.qa.tests.LoginPageTest -->
    </test> <!-- Default test -->
  </suite> <!-- Default suite -->
</testng-results>
